[ 2017-05-05T17:04:12+08:00 ] ::1 /thinkphp/index.php/Admin/Public/login
ERR: 无法加载控制器:Public

[ 2017-05-05T17:04:18+08:00 ] ::1 /thinkphp/index.php/Admin/Public/login
ERR: 无法加载控制器:Public

[ 2017-05-05T17:04:53+08:00 ] ::1 /thinkphp/index.php/Admin/Public/login
ERR: 无法加载控制器:Public

[ 2017-05-05T17:05:05+08:00 ] ::1 /thinkphp/index.php/Admin/index
ERR: 无法加载控制器:Index

[ 2017-05-05T17:25:56+08:00 ] ::1 /thinkphp/index.php/Admin/Public/css/base.css
ERR: 非法操作:css

[ 2017-05-05T17:25:56+08:00 ] ::1 /thinkphp/index.php/Admin/Public/css/login.css
ERR: 非法操作:css

[ 2017-05-05T17:25:56+08:00 ] ::1 /thinkphp/index.php/Admin/Public/js/jquery.js
ERR: 非法操作:js

[ 2017-05-05T17:25:56+08:00 ] ::1 /thinkphp/index.php/Admin/Public/js/common.js
ERR: 非法操作:js

[ 2017-05-05T17:30:05+08:00 ] ::1 /thinkphp/index.php/Admin/index
ERR: 模板不存在:./Application/Admin/View/Index/index.html

[ 2017-05-05T17:32:39+08:00 ] ::1 /thinkphp/index.php/Admin/info-mgt.html
ERR: 无法加载控制器:Info-mgt

[ 2017-05-05T17:32:44+08:00 ] ::1 /thinkphp/index.php/Admin/home.html
ERR: 无法加载控制器:Home

[ 2017-05-05T17:32:50+08:00 ] ::1 /thinkphp/index.php/Admin/home.html
ERR: 无法加载控制器:Home

[ 2017-05-05T17:32:57+08:00 ] ::1 /thinkphp/index.php/Admin/info-reg.html
ERR: 无法加载控制器:Info-reg

[ 2017-05-05T17:32:59+08:00 ] ::1 /thinkphp/index.php/Admin/info-mgt.html
ERR: 无法加载控制器:Info-mgt

[ 2017-05-05T17:33:02+08:00 ] ::1 /thinkphp/index.php/Admin/home.html
ERR: 无法加载控制器:Home

[ 2017-05-05T17:33:04+08:00 ] ::1 /thinkphp/index.php/Admin/home.html
ERR: 无法加载控制器:Home

[ 2017-05-05T17:41:07+08:00 ] ::1 /thinkphp/index.php/Admin/home.html
ERR: 无法加载控制器:Home

[ 2017-05-05T17:41:08+08:00 ] ::1 /thinkphp/index.php/Admin/home.html
ERR: 无法加载控制器:Home

[ 2017-05-05T17:41:10+08:00 ] ::1 /thinkphp/index.php/Admin/home.html
ERR: 无法加载控制器:Home

[ 2017-05-05T17:41:12+08:00 ] ::1 /thinkphp/index.php/Admin/home.html
ERR: 无法加载控制器:Home

[ 2017-05-05T17:41:13+08:00 ] ::1 /thinkphp/index.php/Admin/home.html
ERR: 无法加载控制器:Home

[ 2017-05-05T17:41:13+08:00 ] ::1 /thinkphp/index.php/Admin/home.html
ERR: 无法加载控制器:Home

[ 2017-05-05T17:41:15+08:00 ] ::1 /thinkphp/index.php/Admin/home.html
ERR: 无法加载控制器:Home

[ 2017-05-05T17:41:16+08:00 ] ::1 /thinkphp/index.php/Admin/home.html
ERR: 无法加载控制器:Home

[ 2017-05-05T17:41:17+08:00 ] ::1 /thinkphp/index.php/Admin/home.html
ERR: 无法加载控制器:Home

[ 2017-05-05T17:41:23+08:00 ] ::1 /thinkphp/index.php/Admin/home.html
ERR: 无法加载控制器:Home

[ 2017-05-05T17:41:26+08:00 ] ::1 /thinkphp/index.php/Admin/home.html
ERR: 无法加载控制器:Home

[ 2017-05-05T17:42:41+08:00 ] ::1 /thinkphp/index.php/Admin/info-reg.html
ERR: 无法加载控制器:Info-reg

[ 2017-05-05T17:43:12+08:00 ] ::1 /thinkphp/index.php/Admin/login
ERR: 无法加载控制器:Login

