[ 2017-05-10T10:44:42+08:00 ] ::1 /thinkphp/index.php/Admin/User/total.html
ERR: Think\Model:feild方法不存在！

[ 2017-05-10T10:45:11+08:00 ] ::1 /thinkphp/index.php/Admin/User/total.html
ERR: Think\Model:feild方法不存在！

[ 2017-05-10T10:45:23+08:00 ] ::1 /thinkphp/index.php/Admin/User/total.html
ERR: Think\Model:feild方法不存在！

[ 2017-05-10T10:45:52+08:00 ] ::1 /thinkphp/index.php/Admin/User/total.html
ERR: 1146:Table 'userdb.user' doesn't exist
 [ SQL语句 ] : SHOW COLUMNS FROM `user`

[ 2017-05-10T10:46:38+08:00 ] ::1 /thinkphp/index.php/Admin/User/total.html
ERR: 1054:Unknown column 't2.nmae' in 'group statement'
 [ SQL语句 ] : SELECT t2.name,count(*) total FROM so_user t1,so_dept t2 WHERE ( t1.dept_id=t2.id ) GROUP BY t2.nmae 

[ 2017-05-10T10:47:46+08:00 ] ::1 /thinkphp/index.php/Admin/User/total.html
ERR: 1054:Unknown column 't2.nmae' in 'group statement'
 [ SQL语句 ] : SELECT t2.name,count(*) total FROM so_user t1,so_dept t2 WHERE ( t1.dept_id = t2.id ) GROUP BY t2.nmae 

[ 2017-05-10T11:22:48+08:00 ] ::1 /thinkphp/index.php/Admin/User/edit.html/id/5
ERR: 非法操作:edit.html

[ 2017-05-10T11:24:01+08:00 ] ::1 /thinkphp/index.php/Admin/User/edit.html/id/5
ERR: 非法操作:edit.html

[ 2017-05-10T11:25:35+08:00 ] ::1 /thinkphp/index.php/Admin/User/edit.html/id/5
ERR: 非法操作:edit.html

[ 2017-05-10T11:25:43+08:00 ] ::1 /thinkphp/index.php/Admin/User/edit.html/id/5
ERR: 非法操作:edit.html

[ 2017-05-10T11:26:11+08:00 ] ::1 /thinkphp/index.php/Admin/User/edit.html/id/5
ERR: 非法操作:edit.html

[ 2017-05-10T11:26:56+08:00 ] ::1 /thinkphp/index.php/Admin/User/edit.html/id/2
ERR: 非法操作:edit.html

[ 2017-05-10T11:27:40+08:00 ] ::1 /thinkphp/index.php/Admin/User/edit.html/id/2
ERR: 非法操作:edit.html

[ 2017-05-10T17:39:56+08:00 ] ::1 /thinkphp/index.php/Admin/Public/checkLogin
ERR: Think\Controller:_initialize方法不存在！

[ 2017-05-10T17:45:56+08:00 ] ::1 /thinkphp/index.php/Admin/Public/Common.html
ERR: 非法操作:Common

[ 2017-05-10T17:47:48+08:00 ] ::1 /thinkphp/index.php/Admin/Public/Common.html
ERR: 非法操作:Common

